app/build/outputs/logs/manifest-merger-debug-report.txt
-- Merging decision tree log ---
manifest
ADDED from src/main/AndroidManifest.xml:2:1-165:12
	package
		ADDED from src/main/AndroidManifest.xml:3:5-30
		INJECTED from src/main/AndroidManifest.xml
		INJECTED from src/main/AndroidManifest.xml
	android:versionName
		INJECTED from src/main/AndroidManifest.xml
		INJECTED from src/main/AndroidManifest.xml
	xmlns:android
		ADDED from src/main/AndroidManifest.xml:2:11-69
	android:versionCode
		INJECTED from src/main/AndroidManifest.xml
		INJECTED from src/main/AndroidManifest.xml
uses-permission#android.permission.INTERNET
ADDED from src/main/AndroidManifest.xml:5:5-67
MERGED from [com.urbanairship.android:urbanairship-sdk:7.1.5] AndroidManifest.xml:12:5-67
MERGED from [com.google.android.gms:play-services-gcm:8.4.0] AndroidManifest.xml:22:5-67
MERGED from [com.google.android.gms:play-services-measurement:8.4.0] AndroidManifest.xml:21:5-67
MERGED from [com.google.android.gms:play-services-maps:8.1.0] AndroidManifest.xml:21:5-66
	android:name
		ADDED from src/main/AndroidManifest.xml:5:22-64
uses-permission#android.permission.READ_CONTACTS
ADDED from src/main/AndroidManifest.xml:6:5-72
	android:name
		ADDED from src/main/AndroidManifest.xml:6:22-69
uses-permission#android.permission.READ_EXTERNAL_STORAGE
ADDED from src/main/AndroidManifest.xml:7:5-80
	android:name
		ADDED from src/main/AndroidManifest.xml:7:22-77
uses-permission#android.permission.WRITE_EXTERNAL_STORAGE
ADDED from src/main/AndroidManifest.xml:8:5-81
MERGED from [com.google.android.gms:play-services-maps:8.1.0] AndroidManifest.xml:22:5-80
	android:name
		ADDED from src/main/AndroidManifest.xml:8:22-78
uses-permission#android.permission.CAMERA
ADDED from src/main/AndroidManifest.xml:9:5-65
	android:name
		ADDED from src/main/AndroidManifest.xml:9:22-62
uses-permission#android.permission.ACCESS_NETWORK_STATE
ADDED from src/main/AndroidManifest.xml:10:5-79
MERGED from [com.urbanairship.android:urbanairship-sdk:7.1.5] AndroidManifest.xml:13:5-79
MERGED from [com.google.android.gms:play-services-measurement:8.4.0] AndroidManifest.xml:22:5-79
MERGED from [com.google.android.gms:play-services-maps:8.1.0] AndroidManifest.xml:20:5-78
	android:name
		ADDED from src/main/AndroidManifest.xml:10:22-76
uses-permission#android.permission.CHANGE_NETWORK_STATE
ADDED from src/main/AndroidManifest.xml:11:5-79
	android:name
		ADDED from src/main/AndroidManifest.xml:11:22-76
uses-permission#android.permission.ACCESS_WIFI_STATE
ADDED from src/main/AndroidManifest.xml:12:5-76
	android:name
		ADDED from src/main/AndroidManifest.xml:12:22-73
uses-permission#com.rs.timepass.permission.C2D_MESSAGE
ADDED from src/main/AndroidManifest.xml:13:5-78
MERGED from [com.urbanairship.android:urbanairship-sdk:7.1.5] AndroidManifest.xml:30:5-79
	android:name
		ADDED from src/main/AndroidManifest.xml:13:22-75
uses-permission#android.permission.ACCESS_FINE_LOCATION
ADDED from src/main/AndroidManifest.xml:14:5-79
	android:name
		ADDED from src/main/AndroidManifest.xml:14:22-76
uses-permission#android.permission.ACCESS_COARSE_LOCATION
ADDED from src/main/AndroidManifest.xml:15:5-81
	android:name
		ADDED from src/main/AndroidManifest.xml:15:22-78
uses-permission#android.permission.WAKE_LOCK
ADDED from src/main/AndroidManifest.xml:17:5-68
MERGED from [com.urbanairship.android:urbanairship-sdk:7.1.5] AndroidManifest.xml:14:5-68
MERGED from [com.google.android.gms:play-services-measurement:8.4.0] AndroidManifest.xml:24:5-67
	android:name
		ADDED from src/main/AndroidManifest.xml:17:22-65
uses-permission#com.google.android.c2dm.permission.RECEIVE
ADDED from src/main/AndroidManifest.xml:18:5-82
MERGED from [com.urbanairship.android:urbanairship-sdk:7.1.5] AndroidManifest.xml:24:5-82
MERGED from [com.google.android.gms:play-services-gcm:8.4.0] AndroidManifest.xml:21:5-82
	android:name
		ADDED from src/main/AndroidManifest.xml:18:22-79
permission#com.rs.timepass.permission.C2D_MESSAGE
ADDED from src/main/AndroidManifest.xml:20:5-22:47
MERGED from [com.urbanairship.android:urbanairship-sdk:7.1.5] AndroidManifest.xml:26:5-28:47
	android:protectionLevel
		ADDED from src/main/AndroidManifest.xml:22:9-44
	android:name
		ADDED from src/main/AndroidManifest.xml:21:9-62
application
ADDED from src/main/AndroidManifest.xml:25:5-163:19
MERGED from [com.android.support:appcompat-v7:23.2.1] AndroidManifest.xml:25:5-20
MERGED from [com.android.support:support-v4:23.4.0] AndroidManifest.xml:22:5-20
MERGED from [com.android.support:animated-vector-drawable:23.2.1] AndroidManifest.xml:7:5-20
MERGED from [com.android.support:support-vector-drawable:23.2.1] AndroidManifest.xml:7:5-20
MERGED from [com.android.support:support-v4:23.4.0] AndroidManifest.xml:22:5-20
MERGED from [com.android.support:support-vector-drawable:23.2.1] AndroidManifest.xml:7:5-20
MERGED from [com.android.support:support-v4:23.4.0] AndroidManifest.xml:22:5-20
MERGED from [com.android.support:design:23.2.1] AndroidManifest.xml:22:5-20
MERGED from [com.android.support:support-v4:23.4.0] AndroidManifest.xml:22:5-20
MERGED from [com.android.support:appcompat-v7:23.2.1] AndroidManifest.xml:25:5-20
MERGED from [com.android.support:support-v4:23.4.0] AndroidManifest.xml:22:5-20
MERGED from [com.android.support:animated-vector-drawable:23.2.1] AndroidManifest.xml:7:5-20
MERGED from [com.android.support:support-vector-drawable:23.2.1] AndroidManifest.xml:7:5-20
MERGED from [com.android.support:support-v4:23.4.0] AndroidManifest.xml:22:5-20
MERGED from [com.android.support:support-vector-drawable:23.2.1] AndroidManifest.xml:7:5-20
MERGED from [com.android.support:support-v4:23.4.0] AndroidManifest.xml:22:5-20
MERGED from [com.android.support:support-v4:23.4.0] AndroidManifest.xml:22:5-20
MERGED from [com.android.support:support-v4:23.4.0] AndroidManifest.xml:22:5-20
MERGED from [com.facebook.android:facebook-android-sdk:4.13.2] AndroidManifest.xml:28:5-37:19
MERGED from [com.android.support:cardview-v7:23.4.0] AndroidManifest.xml:22:5-20
MERGED from [com.android.support:support-v4:23.4.0] AndroidManifest.xml:22:5-20
MERGED from [com.android.support:customtabs:23.4.0] AndroidManifest.xml:22:5-20
MERGED from [com.android.support:support-v4:23.4.0] AndroidManifest.xml:22:5-20
MERGED from [com.android.support:palette-v7:23.2.1] AndroidManifest.xml:22:5-23:19
MERGED from [com.android.support:support-v4:23.4.0] AndroidManifest.xml:22:5-20
MERGED from [com.urbanairship.android:urbanairship-sdk:7.1.5] AndroidManifest.xml:41:5-136:19
MERGED from [com.google.android.gms:play-services-gcm:8.4.0] AndroidManifest.xml:24:5-20
MERGED from [com.google.android.gms:play-services-basement:8.4.0] AndroidManifest.xml:20:5-24:19
MERGED from [com.android.support:support-v4:23.4.0] AndroidManifest.xml:22:5-20
MERGED from [com.google.android.gms:play-services-measurement:8.4.0] AndroidManifest.xml:26:5-46:19
MERGED from [com.google.android.gms:play-services-basement:8.4.0] AndroidManifest.xml:20:5-24:19
MERGED from [com.android.support:support-v4:23.4.0] AndroidManifest.xml:22:5-20
MERGED from [com.android.support:support-v4:23.4.0] AndroidManifest.xml:22:5-20
MERGED from [com.google.android.gms:play-services-location:8.1.0] AndroidManifest.xml:19:5-20
MERGED from [com.google.android.gms:play-services-basement:8.4.0] AndroidManifest.xml:20:5-24:19
MERGED from [com.android.support:support-v4:23.4.0] AndroidManifest.xml:22:5-20
MERGED from [com.google.android.gms:play-services-maps:8.1.0] AndroidManifest.xml:28:5-20
MERGED from [com.google.android.gms:play-services-basement:8.4.0] AndroidManifest.xml:20:5-24:19
MERGED from [com.android.support:support-v4:23.4.0] AndroidManifest.xml:22:5-20
MERGED from [ChatApp:volley:unspecified] AndroidManifest.xml:11:5-20
	android:label
		ADDED from src/main/AndroidManifest.xml:29:9-41
	android:supportsRtl
		ADDED from src/main/AndroidManifest.xml:30:9-35
	android:allowBackup
		ADDED from src/main/AndroidManifest.xml:27:9-35
	android:icon
		ADDED from src/main/AndroidManifest.xml:28:9-44
	android:theme
		ADDED from src/main/AndroidManifest.xml:31:9-40
	android:name
		ADDED from src/main/AndroidManifest.xml:26:9-44
activity#com.rs.timepass.Ui.SplashActivity
ADDED from src/main/AndroidManifest.xml:32:9-38:20
	android:name
		ADDED from src/main/AndroidManifest.xml:32:19-52
intent-filter#android.intent.action.MAIN+android.intent.category.LAUNCHER
ADDED from src/main/AndroidManifest.xml:33:13-37:29
action#android.intent.action.MAIN
ADDED from src/main/AndroidManifest.xml:34:17-69
	android:name
		ADDED from src/main/AndroidManifest.xml:34:25-66
category#android.intent.category.LAUNCHER
ADDED from src/main/AndroidManifest.xml:36:17-77
	android:name
		ADDED from src/main/AndroidManifest.xml:36:27-74
activity#com.rs.timepass.Ui.LoginActivity
ADDED from src/main/AndroidManifest.xml:39:9-41:52
	android:screenOrientation
		ADDED from src/main/AndroidManifest.xml:41:13-49
	android:name
		ADDED from src/main/AndroidManifest.xml:40:13-45
activity#com.rs.timepass.Ui.RegistrationActivity
ADDED from src/main/AndroidManifest.xml:42:9-44:52
	android:screenOrientation
		ADDED from src/main/AndroidManifest.xml:44:13-49
	android:name
		ADDED from src/main/AndroidManifest.xml:43:13-52
activity#com.rs.timepass.Ui.HomeActivity
ADDED from src/main/AndroidManifest.xml:45:9-47:52
	android:screenOrientation
		ADDED from src/main/AndroidManifest.xml:47:13-49
	android:name
		ADDED from src/main/AndroidManifest.xml:46:13-44
activity#com.rs.timepass.Ui.ProfileActivity
ADDED from src/main/AndroidManifest.xml:48:9-50:52
	android:screenOrientation
		ADDED from src/main/AndroidManifest.xml:50:13-49
	android:name
		ADDED from src/main/AndroidManifest.xml:49:13-47
activity#com.rs.timepass.Ui.ProfileDetailActivity
ADDED from src/main/AndroidManifest.xml:51:9-53:52
	android:screenOrientation
		ADDED from src/main/AndroidManifest.xml:53:13-49
	android:name
		ADDED from src/main/AndroidManifest.xml:52:13-53
activity#com.rs.timepass.Ui.SettingActivity
ADDED from src/main/AndroidManifest.xml:54:9-56:52
	android:screenOrientation
		ADDED from src/main/AndroidManifest.xml:56:13-49
	android:name
		ADDED from src/main/AndroidManifest.xml:55:13-47
activity#com.rs.timepass.Ui.EditProfileActivity
ADDED from src/main/AndroidManifest.xml:58:9-60:52
	android:screenOrientation
		ADDED from src/main/AndroidManifest.xml:60:13-49
	android:name
		ADDED from src/main/AndroidManifest.xml:59:13-51
activity#com.rs.timepass.Ui.ChangeAvatarActivity
ADDED from src/main/AndroidManifest.xml:62:9-64:52
	android:screenOrientation
		ADDED from src/main/AndroidManifest.xml:64:13-49
	android:name
		ADDED from src/main/AndroidManifest.xml:63:13-52
activity#com.rs.timepass.Ui.FeedDetailActivity
ADDED from src/main/AndroidManifest.xml:66:9-68:52
	android:screenOrientation
		ADDED from src/main/AndroidManifest.xml:68:13-49
	android:name
		ADDED from src/main/AndroidManifest.xml:67:13-50
activity#com.rs.timepass.Ui.SearchActivity
ADDED from src/main/AndroidManifest.xml:70:9-72:52
	android:screenOrientation
		ADDED from src/main/AndroidManifest.xml:72:13-49
	android:name
		ADDED from src/main/AndroidManifest.xml:71:13-46
activity#com.rs.timepass.Ui.CreatePostActivity
ADDED from src/main/AndroidManifest.xml:74:9-77:58
	android:screenOrientation
		ADDED from src/main/AndroidManifest.xml:76:13-49
	android:theme
		ADDED from src/main/AndroidManifest.xml:77:13-55
	android:name
		ADDED from src/main/AndroidManifest.xml:75:13-50
activity#com.rs.timepass.Ui.LikeListActivity
ADDED from src/main/AndroidManifest.xml:79:9-82:58
	android:screenOrientation
		ADDED from src/main/AndroidManifest.xml:81:13-49
	android:theme
		ADDED from src/main/AndroidManifest.xml:82:13-55
	android:name
		ADDED from src/main/AndroidManifest.xml:80:13-48
activity#com.rs.timepass.Ui.FollowerListActivity
ADDED from src/main/AndroidManifest.xml:84:9-86:52
	android:screenOrientation
		ADDED from src/main/AndroidManifest.xml:86:13-49
	android:name
		ADDED from src/main/AndroidManifest.xml:85:13-52
activity#com.rs.timepass.Ui.FollowingListActivity
ADDED from src/main/AndroidManifest.xml:88:9-90:52
	android:screenOrientation
		ADDED from src/main/AndroidManifest.xml:90:13-49
	android:name
		ADDED from src/main/AndroidManifest.xml:89:13-53
activity#com.rs.timepass.Ui.PhotoViewActivity
ADDED from src/main/AndroidManifest.xml:92:9-94:52
	android:screenOrientation
		ADDED from src/main/AndroidManifest.xml:94:13-49
	android:name
		ADDED from src/main/AndroidManifest.xml:93:13-49
activity#com.rs.timepass.CropImage.CropImage
ADDED from src/main/AndroidManifest.xml:96:9-98:61
	android:screenOrientation
		ADDED from src/main/AndroidManifest.xml:98:13-49
	android:name
		ADDED from src/main/AndroidManifest.xml:97:13-48
meta-data#com.facebook.sdk.ApplicationId
ADDED from src/main/AndroidManifest.xml:101:9-103:47
	android:value
		ADDED from src/main/AndroidManifest.xml:103:13-44
	android:name
		ADDED from src/main/AndroidManifest.xml:102:13-58
provider#com.facebook.FacebookContentProvider
ADDED from src/main/AndroidManifest.xml:104:9-107:39
	android:authorities
		ADDED from src/main/AndroidManifest.xml:106:13-90
	android:exported
		ADDED from src/main/AndroidManifest.xml:107:13-36
	android:name
		ADDED from src/main/AndroidManifest.xml:105:13-64
activity#com.facebook.FacebookActivity
ADDED from src/main/AndroidManifest.xml:108:9-112:75
MERGED from [com.facebook.android:facebook-android-sdk:4.13.2] AndroidManifest.xml:29:9-32:75
	android:label
		ADDED from src/main/AndroidManifest.xml:111:13-45
	android:configChanges
		ADDED from src/main/AndroidManifest.xml:110:13-96
	android:theme
		ADDED from src/main/AndroidManifest.xml:112:13-72
	android:name
		ADDED from src/main/AndroidManifest.xml:109:13-57
receiver#com.urbanairship.CoreReceiver
ADDED from src/main/AndroidManifest.xml:119:9-66
MERGED from [com.urbanairship.android:urbanairship-sdk:7.1.5] AndroidManifest.xml:100:9-108:20
	android:exported
		ADDED from [com.urbanairship.android:urbanairship-sdk:7.1.5] AndroidManifest.xml:102:13-37
	android:name
		ADDED from src/main/AndroidManifest.xml:119:19-63
receiver#com.urbanairship.push.GcmPushReceiver
ADDED from src/main/AndroidManifest.xml:120:9-135:20
MERGED from [com.urbanairship.android:urbanairship-sdk:7.1.5] AndroidManifest.xml:109:9-118:20
	android:permission
		ADDED from src/main/AndroidManifest.xml:122:13-73
	android:name
		ADDED from src/main/AndroidManifest.xml:121:13-65
intent-filter#com.google.android.c2dm.intent.RECEIVE+com.google.android.c2dm.intent.REGISTRATION+com.rs.timepass
ADDED from src/main/AndroidManifest.xml:123:13-128:29
action#com.google.android.c2dm.intent.RECEIVE
ADDED from src/main/AndroidManifest.xml:124:17-81
	android:name
		ADDED from src/main/AndroidManifest.xml:124:25-78
action#com.google.android.c2dm.intent.REGISTRATION
ADDED from src/main/AndroidManifest.xml:125:17-86
	android:name
		ADDED from src/main/AndroidManifest.xml:125:25-83
category#com.rs.timepass
ADDED from src/main/AndroidManifest.xml:127:17-60
	android:name
		ADDED from src/main/AndroidManifest.xml:127:27-57
intent-filter#android.intent.action.PACKAGE_REPLACED
ADDED from src/main/AndroidManifest.xml:130:13-134:29
action#android.intent.action.PACKAGE_REPLACED
ADDED from src/main/AndroidManifest.xml:131:17-81
	android:name
		ADDED from src/main/AndroidManifest.xml:131:25-78
data
ADDED from src/main/AndroidManifest.xml:133:17-50
	android:scheme
		ADDED from src/main/AndroidManifest.xml:133:23-47
service#com.urbanairship.push.PushService
ADDED from src/main/AndroidManifest.xml:137:9-139:57
MERGED from [com.urbanairship.android:urbanairship-sdk:7.1.5] AndroidManifest.xml:81:9-83:57
	android:label
		ADDED from src/main/AndroidManifest.xml:139:13-54
	android:name
		ADDED from src/main/AndroidManifest.xml:138:13-61
service#com.urbanairship.analytics.EventService
ADDED from src/main/AndroidManifest.xml:140:9-142:45
MERGED from [com.urbanairship.android:urbanairship-sdk:7.1.5] AndroidManifest.xml:84:9-86:45
	android:label
		ADDED from src/main/AndroidManifest.xml:142:13-42
	android:name
		ADDED from src/main/AndroidManifest.xml:141:13-67
provider#com.urbanairship.UrbanAirshipProvider
ADDED from src/main/AndroidManifest.xml:144:9-147:43
MERGED from [com.urbanairship.android:urbanairship-sdk:7.1.5] AndroidManifest.xml:130:9-135:72
	android:authorities
		ADDED from src/main/AndroidManifest.xml:146:13-72
	android:multiprocess
		ADDED from src/main/AndroidManifest.xml:147:13-40
	android:exported
		ADDED from [com.urbanairship.android:urbanairship-sdk:7.1.5] AndroidManifest.xml:133:13-36
	android:permission
		ADDED from [com.urbanairship.android:urbanairship-sdk:7.1.5] AndroidManifest.xml:135:13-69
	android:name
		ADDED from src/main/AndroidManifest.xml:145:13-65
receiver#com.rs.timepass.Utils.PushNotificationReceiver
ADDED from src/main/AndroidManifest.xml:149:9-161:20
	android:exported
		ADDED from src/main/AndroidManifest.xml:151:13-37
	android:name
		ADDED from src/main/AndroidManifest.xml:150:13-59
intent-filter#com.rs.timepass+com.urbanairship.push.CHANNEL_UPDATED+com.urbanairship.push.DISMISSED+com.urbanairship.push.OPENED+com.urbanairship.push.RECEIVED
ADDED from src/main/AndroidManifest.xml:153:13-160:29
action#com.urbanairship.push.CHANNEL_UPDATED
ADDED from src/main/AndroidManifest.xml:154:17-80
	android:name
		ADDED from src/main/AndroidManifest.xml:154:25-77
action#com.urbanairship.push.OPENED
ADDED from src/main/AndroidManifest.xml:155:17-71
	android:name
		ADDED from src/main/AndroidManifest.xml:155:25-68
action#com.urbanairship.push.RECEIVED
ADDED from src/main/AndroidManifest.xml:156:17-73
	android:name
		ADDED from src/main/AndroidManifest.xml:156:25-70
action#com.urbanairship.push.DISMISSED
ADDED from src/main/AndroidManifest.xml:157:17-74
	android:name
		ADDED from src/main/AndroidManifest.xml:157:25-71
uses-sdk
INJECTED from src/main/AndroidManifest.xml reason: use-sdk injection requested
MERGED from [com.android.support:appcompat-v7:23.2.1] AndroidManifest.xml:21:5-23:78
MERGED from [com.android.support:support-v4:23.4.0] AndroidManifest.xml:20:5-43
MERGED from [com.android.support:animated-vector-drawable:23.2.1] AndroidManifest.xml:5:5-44
MERGED from [com.android.support:support-vector-drawable:23.2.1] AndroidManifest.xml:5:5-43
MERGED from [com.android.support:support-v4:23.4.0] AndroidManifest.xml:20:5-43
MERGED from [com.android.support:support-vector-drawable:23.2.1] AndroidManifest.xml:5:5-43
MERGED from [com.android.support:support-v4:23.4.0] AndroidManifest.xml:20:5-43
MERGED from [com.android.support:design:23.2.1] AndroidManifest.xml:20:5-43
MERGED from [com.android.support:support-v4:23.4.0] AndroidManifest.xml:20:5-43
MERGED from [com.android.support:appcompat-v7:23.2.1] AndroidManifest.xml:21:5-23:78
MERGED from [com.android.support:support-v4:23.4.0] AndroidManifest.xml:20:5-43
MERGED from [com.android.support:animated-vector-drawable:23.2.1] AndroidManifest.xml:5:5-44
MERGED from [com.android.support:support-vector-drawable:23.2.1] AndroidManifest.xml:5:5-43
MERGED from [com.android.support:support-v4:23.4.0] AndroidManifest.xml:20:5-43
MERGED from [com.android.support:support-vector-drawable:23.2.1] AndroidManifest.xml:5:5-43
MERGED from [com.android.support:support-v4:23.4.0] AndroidManifest.xml:20:5-43
MERGED from [com.android.support:recyclerview-v7:23.2.1] AndroidManifest.xml:20:5-43
MERGED from [com.android.support:support-v4:23.4.0] AndroidManifest.xml:20:5-43
MERGED from [com.android.support:support-v4:23.4.0] AndroidManifest.xml:20:5-43
MERGED from [com.facebook.android:facebook-android-sdk:4.13.2] AndroidManifest.xml:24:5-26:41
MERGED from [com.android.support:cardview-v7:23.4.0] AndroidManifest.xml:20:5-43
MERGED from [com.android.support:support-v4:23.4.0] AndroidManifest.xml:20:5-43
MERGED from [com.android.support:customtabs:23.4.0] AndroidManifest.xml:20:5-44
MERGED from [com.android.support:support-v4:23.4.0] AndroidManifest.xml:20:5-43
MERGED from [com.android.support:palette-v7:23.2.1] AndroidManifest.xml:20:5-43
MERGED from [com.android.support:support-v4:23.4.0] AndroidManifest.xml:20:5-43
MERGED from [com.urbanairship.android:urbanairship-sdk:7.1.5] AndroidManifest.xml:8:5-10:41
MERGED from [com.google.android.gms:play-services-gcm:8.4.0] AndroidManifest.xml:18:5-42
MERGED from [com.google.android.gms:play-services-base:8.4.0] AndroidManifest.xml:18:5-42
MERGED from [com.google.android.gms:play-services-basement:8.4.0] AndroidManifest.xml:18:5-42
MERGED from [com.android.support:support-v4:23.4.0] AndroidManifest.xml:20:5-43
MERGED from [com.google.android.gms:play-services-measurement:8.4.0] AndroidManifest.xml:18:5-42
MERGED from [com.google.android.gms:play-services-basement:8.4.0] AndroidManifest.xml:18:5-42
MERGED from [com.android.support:support-v4:23.4.0] AndroidManifest.xml:20:5-43
MERGED from [com.android.support:support-v4:23.4.0] AndroidManifest.xml:20:5-43
MERGED from [com.google.android.gms:play-services-location:8.1.0] AndroidManifest.xml:18:5-42
MERGED from [com.google.android.gms:play-services-base:8.4.0] AndroidManifest.xml:18:5-42
MERGED from [com.google.android.gms:play-services-basement:8.4.0] AndroidManifest.xml:18:5-42
MERGED from [com.android.support:support-v4:23.4.0] AndroidManifest.xml:20:5-43
MERGED from [com.google.android.gms:play-services-maps:8.1.0] AndroidManifest.xml:27:5-42
MERGED from [com.google.android.gms:play-services-base:8.4.0] AndroidManifest.xml:18:5-42
MERGED from [com.google.android.gms:play-services-basement:8.4.0] AndroidManifest.xml:18:5-42
MERGED from [com.android.support:support-v4:23.4.0] AndroidManifest.xml:20:5-43
MERGED from [ChatApp:volley:unspecified] AndroidManifest.xml:7:5-9:41
	tools:overrideLibrary
		ADDED from [com.android.support:appcompat-v7:23.2.1] AndroidManifest.xml:23:9-75
	android:targetSdkVersion
		INJECTED from src/main/AndroidManifest.xml
		INJECTED from src/main/AndroidManifest.xml
	android:minSdkVersion
		INJECTED from src/main/AndroidManifest.xml
		INJECTED from src/main/AndroidManifest.xml
activity#com.facebook.CustomTabActivity
ADDED from [com.facebook.android:facebook-android-sdk:4.13.2] AndroidManifest.xml:33:9-36:20
	android:exported
		ADDED from [com.facebook.android:facebook-android-sdk:4.13.2] AndroidManifest.xml:35:13-36
	android:name
		ADDED from [com.facebook.android:facebook-android-sdk:4.13.2] AndroidManifest.xml:34:13-58
uses-permission#android.permission.VIBRATE
ADDED from [com.urbanairship.android:urbanairship-sdk:7.1.5] AndroidManifest.xml:15:5-66
	android:name
		ADDED from [com.urbanairship.android:urbanairship-sdk:7.1.5] AndroidManifest.xml:15:22-63
permission#${applicationId}.permission.UA_DATA
ADDED from [com.urbanairship.android:urbanairship-sdk:7.1.5] AndroidManifest.xml:17:5-19:47
	android:protectionLevel
		ADDED from [com.urbanairship.android:urbanairship-sdk:7.1.5] AndroidManifest.xml:19:9-44
	android:name
		ADDED from [com.urbanairship.android:urbanairship-sdk:7.1.5] AndroidManifest.xml:18:9-59
uses-permission#${applicationId}.permission.UA_DATA
ADDED from [com.urbanairship.android:urbanairship-sdk:7.1.5] AndroidManifest.xml:21:5-75
	android:name
		ADDED from [com.urbanairship.android:urbanairship-sdk:7.1.5] AndroidManifest.xml:21:22-72
uses-permission#com.amazon.device.messaging.permission.RECEIVE
ADDED from [com.urbanairship.android:urbanairship-sdk:7.1.5] AndroidManifest.xml:33:5-86
	android:name
		ADDED from [com.urbanairship.android:urbanairship-sdk:7.1.5] AndroidManifest.xml:33:22-83
permission#${applicationId}.permission.RECEIVE_ADM_MESSAGE
ADDED from [com.urbanairship.android:urbanairship-sdk:7.1.5] AndroidManifest.xml:35:5-37:47
	android:protectionLevel
		ADDED from [com.urbanairship.android:urbanairship-sdk:7.1.5] AndroidManifest.xml:37:9-44
	android:name
		ADDED from [com.urbanairship.android:urbanairship-sdk:7.1.5] AndroidManifest.xml:36:9-71
uses-permission#${applicationId}.permission.RECEIVE_ADM_MESSAGE
ADDED from [com.urbanairship.android:urbanairship-sdk:7.1.5] AndroidManifest.xml:39:5-87
	android:name
		ADDED from [com.urbanairship.android:urbanairship-sdk:7.1.5] AndroidManifest.xml:39:22-84
amazon:enable-feature
ADDED from [com.urbanairship.android:urbanairship-sdk:7.1.5] AndroidManifest.xml:44:9-46:40
	android:required
		ADDED from [com.urbanairship.android:urbanairship-sdk:7.1.5] AndroidManifest.xml:46:13-37
	android:name
		ADDED from [com.urbanairship.android:urbanairship-sdk:7.1.5] AndroidManifest.xml:45:13-55
activity#com.urbanairship.actions.ActionActivity
ADDED from [com.urbanairship.android:urbanairship-sdk:7.1.5] AndroidManifest.xml:48:9-50:75
	android:theme
		ADDED from [com.urbanairship.android:urbanairship-sdk:7.1.5] AndroidManifest.xml:50:13-72
	android:name
		ADDED from [com.urbanairship.android:urbanairship-sdk:7.1.5] AndroidManifest.xml:49:13-67
activity#com.urbanairship.CoreActivity
ADDED from [com.urbanairship.android:urbanairship-sdk:7.1.5] AndroidManifest.xml:51:9-66
	android:name
		ADDED from [com.urbanairship.android:urbanairship-sdk:7.1.5] AndroidManifest.xml:51:19-63
activity#com.urbanairship.google.PlayServicesErrorActivity
ADDED from [com.urbanairship.android:urbanairship-sdk:7.1.5] AndroidManifest.xml:52:9-54:75
	android:theme
		ADDED from [com.urbanairship.android:urbanairship-sdk:7.1.5] AndroidManifest.xml:54:13-72
	android:name
		ADDED from [com.urbanairship.android:urbanairship-sdk:7.1.5] AndroidManifest.xml:53:13-77
activity#com.urbanairship.messagecenter.MessageActivity
ADDED from [com.urbanairship.android:urbanairship-sdk:7.1.5] AndroidManifest.xml:55:9-83
	android:name
		ADDED from [com.urbanairship.android:urbanairship-sdk:7.1.5] AndroidManifest.xml:55:19-80
activity#com.urbanairship.messagecenter.MessageCenterActivity
ADDED from [com.urbanairship.android:urbanairship-sdk:7.1.5] AndroidManifest.xml:56:9-58:63
	android:label
		ADDED from [com.urbanairship.android:urbanairship-sdk:7.1.5] AndroidManifest.xml:58:13-60
	android:name
		ADDED from [com.urbanairship.android:urbanairship-sdk:7.1.5] AndroidManifest.xml:57:13-80
activity#com.urbanairship.actions.LandingPageActivity
ADDED from [com.urbanairship.android:urbanairship-sdk:7.1.5] AndroidManifest.xml:59:9-79:20
	android:exported
		ADDED from [com.urbanairship.android:urbanairship-sdk:7.1.5] AndroidManifest.xml:61:13-37
	android:theme
		ADDED from [com.urbanairship.android:urbanairship-sdk:7.1.5] AndroidManifest.xml:62:13-52
	android:name
		ADDED from [com.urbanairship.android:urbanairship-sdk:7.1.5] AndroidManifest.xml:60:13-72
meta-data#com.urbanairship.action.LANDING_PAGE_VIEW
ADDED from [com.urbanairship.android:urbanairship-sdk:7.1.5] AndroidManifest.xml:63:13-65:71
	android:resource
		ADDED from [com.urbanairship.android:urbanairship-sdk:7.1.5] AndroidManifest.xml:65:17-68
	android:name
		ADDED from [com.urbanairship.android:urbanairship-sdk:7.1.5] AndroidManifest.xml:64:17-73
meta-data#com.urbanairship.push.iam.EXCLUDE_FROM_AUTO_SHOW
ADDED from [com.urbanairship.android:urbanairship-sdk:7.1.5] AndroidManifest.xml:66:13-68:40
	android:value
		ADDED from [com.urbanairship.android:urbanairship-sdk:7.1.5] AndroidManifest.xml:68:17-37
	android:name
		ADDED from [com.urbanairship.android:urbanairship-sdk:7.1.5] AndroidManifest.xml:67:17-80
intent-filter#android.intent.category.DEFAULT+com.urbanairship.actions.SHOW_LANDING_PAGE_INTENT_ACTION
ADDED from [com.urbanairship.android:urbanairship-sdk:7.1.5] AndroidManifest.xml:70:13-78:29
action#com.urbanairship.actions.SHOW_LANDING_PAGE_INTENT_ACTION
ADDED from [com.urbanairship.android:urbanairship-sdk:7.1.5] AndroidManifest.xml:71:17-99
	android:name
		ADDED from [com.urbanairship.android:urbanairship-sdk:7.1.5] AndroidManifest.xml:71:25-96
category#android.intent.category.DEFAULT
ADDED from [com.urbanairship.android:urbanairship-sdk:7.1.5] AndroidManifest.xml:77:17-76
	android:name
		ADDED from [com.urbanairship.android:urbanairship-sdk:7.1.5] AndroidManifest.xml:77:27-73
service#com.urbanairship.actions.ActionService
ADDED from [com.urbanairship.android:urbanairship-sdk:7.1.5] AndroidManifest.xml:87:9-74
	android:name
		ADDED from [com.urbanairship.android:urbanairship-sdk:7.1.5] AndroidManifest.xml:87:18-71
service#com.urbanairship.richpush.RichPushUpdateService
ADDED from [com.urbanairship.android:urbanairship-sdk:7.1.5] AndroidManifest.xml:88:9-83
	android:name
		ADDED from [com.urbanairship.android:urbanairship-sdk:7.1.5] AndroidManifest.xml:88:18-80
service#com.urbanairship.location.LocationService
ADDED from [com.urbanairship.android:urbanairship-sdk:7.1.5] AndroidManifest.xml:89:9-91:48
	android:label
		ADDED from [com.urbanairship.android:urbanairship-sdk:7.1.5] AndroidManifest.xml:91:13-45
	android:name
		ADDED from [com.urbanairship.android:urbanairship-sdk:7.1.5] AndroidManifest.xml:90:13-69
service#com.urbanairship.push.UAInstanceIDListenerService
ADDED from [com.urbanairship.android:urbanairship-sdk:7.1.5] AndroidManifest.xml:92:9-98:19
	android:exported
		ADDED from [com.urbanairship.android:urbanairship-sdk:7.1.5] AndroidManifest.xml:94:13-37
	android:name
		ADDED from [com.urbanairship.android:urbanairship-sdk:7.1.5] AndroidManifest.xml:93:13-77
intent-filter#com.google.android.gms.iid.InstanceID
ADDED from [com.urbanairship.android:urbanairship-sdk:7.1.5] AndroidManifest.xml:95:13-97:29
action#com.google.android.gms.iid.InstanceID
ADDED from [com.urbanairship.android:urbanairship-sdk:7.1.5] AndroidManifest.xml:96:17-80
	android:name
		ADDED from [com.urbanairship.android:urbanairship-sdk:7.1.5] AndroidManifest.xml:96:25-77
intent-filter#${applicationId}+com.urbanairship.push.OPENED
ADDED from [com.urbanairship.android:urbanairship-sdk:7.1.5] AndroidManifest.xml:103:13-107:29
	android:priority
		ADDED from [com.urbanairship.android:urbanairship-sdk:7.1.5] AndroidManifest.xml:103:28-51
category#${applicationId}
ADDED from [com.urbanairship.android:urbanairship-sdk:7.1.5] AndroidManifest.xml:106:17-61
	android:name
		ADDED from [com.urbanairship.android:urbanairship-sdk:7.1.5] AndroidManifest.xml:106:27-58
receiver#com.urbanairship.push.AdmPushReceiver